2021-09-05 15:37:11.461 INFO  com.pwc.wiki.WikiApplication                      :55   [32m                  [0;39m Starting WikiApplication using Java 1.8.0_131 on xuhaochengdeMacBook-Pro.local with PID 8472 (/Users/xuhaocheng/IntellijIdeaProjects/wiki/target/classes started by xuhaocheng in /Users/xuhaocheng/IntellijIdeaProjects/wiki)
2021-09-05 15:37:11.467 INFO  com.pwc.wiki.WikiApplication                      :660  [32m                  [0;39m No active profile set, falling back to default profiles: default
2021-09-05 15:37:13.085 INFO  o.s.boot.web.embedded.tomcat.TomcatWebServer      :108  [32m                  [0;39m Tomcat initialized with port(s): 8880 (http)
2021-09-05 15:37:13.096 INFO  org.apache.coyote.http11.Http11NioProtocol        :173  [32m                  [0;39m Initializing ProtocolHandler ["http-nio-8880"]
2021-09-05 15:37:13.097 INFO  org.apache.catalina.core.StandardService          :173  [32m                  [0;39m Starting service [Tomcat]
2021-09-05 15:37:13.097 INFO  org.apache.catalina.core.StandardEngine           :173  [32m                  [0;39m Starting Servlet engine: [Apache Tomcat/9.0.39]
2021-09-05 15:37:13.165 INFO  o.a.c.core.ContainerBase.[Tomcat].[localhost].[/] :173  [32m                  [0;39m Initializing Spring embedded WebApplicationContext
2021-09-05 15:37:13.166 INFO  o.s.b.w.s.c.ServletWebServerApplicationContext    :289  [32m                  [0;39m Root WebApplicationContext: initialization completed in 1600 ms
2021-09-05 15:37:13.394 INFO  o.s.scheduling.concurrent.ThreadPoolTaskExecutor  :181  [32m                  [0;39m Initializing ExecutorService 'applicationTaskExecutor'
2021-09-05 15:37:13.558 INFO  org.apache.coyote.http11.Http11NioProtocol        :173  [32m                  [0;39m Starting ProtocolHandler ["http-nio-8880"]
2021-09-05 15:37:13.587 INFO  o.s.boot.web.embedded.tomcat.TomcatWebServer      :220  [32m                  [0;39m Tomcat started on port(s): 8880 (http) with context path ''
2021-09-05 15:37:13.600 INFO  com.pwc.wiki.WikiApplication                      :61   [32m                  [0;39m Started WikiApplication in 3.302 seconds (JVM running for 4.159)
2021-09-05 15:37:13.607 INFO  com.pwc.wiki.WikiApplication                      :18   [32m                  [0;39m 启动成功！！
2021-09-05 15:37:13.608 INFO  com.pwc.wiki.WikiApplication                      :19   [32m                  [0;39m 地址: 	http://127.0.0.1:8880
2021-09-05 15:44:44.618 INFO  o.s.scheduling.concurrent.ThreadPoolTaskExecutor  :218  [32m                  [0;39m Shutting down ExecutorService 'applicationTaskExecutor'
2021-09-05 15:44:47.610 INFO  com.pwc.wiki.WikiApplication                      :55   [32m                  [0;39m Starting WikiApplication using Java 1.8.0_131 on xuhaochengdeMacBook-Pro.local with PID 8577 (/Users/xuhaocheng/IntellijIdeaProjects/wiki/target/classes started by xuhaocheng in /Users/xuhaocheng/IntellijIdeaProjects/wiki)
2021-09-05 15:44:47.615 INFO  com.pwc.wiki.WikiApplication                      :660  [32m                  [0;39m No active profile set, falling back to default profiles: default
2021-09-05 15:44:48.890 INFO  o.s.boot.web.embedded.tomcat.TomcatWebServer      :108  [32m                  [0;39m Tomcat initialized with port(s): 8880 (http)
2021-09-05 15:44:48.900 INFO  org.apache.coyote.http11.Http11NioProtocol        :173  [32m                  [0;39m Initializing ProtocolHandler ["http-nio-8880"]
2021-09-05 15:44:48.901 INFO  org.apache.catalina.core.StandardService          :173  [32m                  [0;39m Starting service [Tomcat]
2021-09-05 15:44:48.901 INFO  org.apache.catalina.core.StandardEngine           :173  [32m                  [0;39m Starting Servlet engine: [Apache Tomcat/9.0.39]
2021-09-05 15:44:48.967 INFO  o.a.c.core.ContainerBase.[Tomcat].[localhost].[/] :173  [32m                  [0;39m Initializing Spring embedded WebApplicationContext
2021-09-05 15:44:48.968 INFO  o.s.b.w.s.c.ServletWebServerApplicationContext    :289  [32m                  [0;39m Root WebApplicationContext: initialization completed in 1170 ms
2021-09-05 15:44:49.162 INFO  o.s.scheduling.concurrent.ThreadPoolTaskExecutor  :181  [32m                  [0;39m Initializing ExecutorService 'applicationTaskExecutor'
2021-09-05 15:44:49.295 INFO  org.apache.coyote.http11.Http11NioProtocol        :173  [32m                  [0;39m Starting ProtocolHandler ["http-nio-8880"]
2021-09-05 15:44:49.322 INFO  o.s.boot.web.embedded.tomcat.TomcatWebServer      :220  [32m                  [0;39m Tomcat started on port(s): 8880 (http) with context path ''
2021-09-05 15:44:49.335 INFO  com.pwc.wiki.WikiApplication                      :61   [32m                  [0;39m Started WikiApplication in 2.621 seconds (JVM running for 3.347)
2021-09-05 15:44:49.339 INFO  com.pwc.wiki.WikiApplication                      :18   [32m                  [0;39m 启动成功！！
2021-09-05 15:44:49.340 INFO  com.pwc.wiki.WikiApplication                      :19   [32m                  [0;39m 地址: 	http://127.0.0.1:8880
2021-09-05 16:04:16.192 INFO  o.s.scheduling.concurrent.ThreadPoolTaskExecutor  :218  [32m                  [0;39m Shutting down ExecutorService 'applicationTaskExecutor'
2021-09-05 16:04:20.202 INFO  com.pwc.wiki.WikiApplication                      :55   [32m                  [0;39m Starting WikiApplication using Java 1.8.0_131 on xuhaochengdeMacBook-Pro.local with PID 8765 (/Users/xuhaocheng/IntellijIdeaProjects/wiki/target/classes started by xuhaocheng in /Users/xuhaocheng/IntellijIdeaProjects/wiki)
2021-09-05 16:04:20.211 INFO  com.pwc.wiki.WikiApplication                      :660  [32m                  [0;39m No active profile set, falling back to default profiles: default
2021-09-05 16:04:21.402 INFO  o.s.boot.web.embedded.tomcat.TomcatWebServer      :108  [32m                  [0;39m Tomcat initialized with port(s): 8880 (http)
2021-09-05 16:04:21.411 INFO  org.apache.coyote.http11.Http11NioProtocol        :173  [32m                  [0;39m Initializing ProtocolHandler ["http-nio-8880"]
2021-09-05 16:04:21.412 INFO  org.apache.catalina.core.StandardService          :173  [32m                  [0;39m Starting service [Tomcat]
2021-09-05 16:04:21.412 INFO  org.apache.catalina.core.StandardEngine           :173  [32m                  [0;39m Starting Servlet engine: [Apache Tomcat/9.0.39]
2021-09-05 16:04:21.468 INFO  o.a.c.core.ContainerBase.[Tomcat].[localhost].[/] :173  [32m                  [0;39m Initializing Spring embedded WebApplicationContext
2021-09-05 16:04:21.469 INFO  o.s.b.w.s.c.ServletWebServerApplicationContext    :289  [32m                  [0;39m Root WebApplicationContext: initialization completed in 1096 ms
2021-09-05 16:04:21.645 INFO  o.s.scheduling.concurrent.ThreadPoolTaskExecutor  :181  [32m                  [0;39m Initializing ExecutorService 'applicationTaskExecutor'
2021-09-05 16:04:21.776 INFO  org.apache.coyote.http11.Http11NioProtocol        :173  [32m                  [0;39m Starting ProtocolHandler ["http-nio-8880"]
2021-09-05 16:04:21.802 INFO  o.s.boot.web.embedded.tomcat.TomcatWebServer      :220  [32m                  [0;39m Tomcat started on port(s): 8880 (http) with context path ''
2021-09-05 16:04:21.815 INFO  com.pwc.wiki.WikiApplication                      :61   [32m                  [0;39m Started WikiApplication in 2.583 seconds (JVM running for 3.154)
2021-09-05 16:04:21.818 INFO  com.pwc.wiki.WikiApplication                      :18   [32m                  [0;39m 启动成功！！
2021-09-05 16:04:21.819 INFO  com.pwc.wiki.WikiApplication                      :19   [32m                  [0;39m 地址: 	http://127.0.0.1:8880
2021-09-05 16:04:36.840 INFO  o.a.c.core.ContainerBase.[Tomcat].[localhost].[/] :173  [32m                  [0;39m Initializing Spring DispatcherServlet 'dispatcherServlet'
2021-09-05 16:04:36.840 INFO  org.springframework.web.servlet.DispatcherServlet :525  [32m                  [0;39m Initializing Servlet 'dispatcherServlet'
2021-09-05 16:04:36.845 INFO  org.springframework.web.servlet.DispatcherServlet :547  [32m                  [0;39m Completed initialization in 4 ms
2021-09-05 20:13:20.742 INFO  o.s.scheduling.concurrent.ThreadPoolTaskExecutor  :218  [32m                  [0;39m Shutting down ExecutorService 'applicationTaskExecutor'
2021-09-05 21:21:02.337 INFO  com.pwc.wiki.WikiApplication                      :55   [32m                  [0;39m Starting WikiApplication using Java 1.8.0_131 on xuhaochengdeMacBook-Pro.local with PID 10587 (/Users/xuhaocheng/IntellijIdeaProjects/wiki/target/classes started by xuhaocheng in /Users/xuhaocheng/IntellijIdeaProjects/wiki)
2021-09-05 21:21:02.346 INFO  com.pwc.wiki.WikiApplication                      :660  [32m                  [0;39m No active profile set, falling back to default profiles: default
2021-09-05 21:21:03.614 INFO  o.s.boot.web.embedded.tomcat.TomcatWebServer      :108  [32m                  [0;39m Tomcat initialized with port(s): 8880 (http)
2021-09-05 21:21:03.630 INFO  org.apache.coyote.http11.Http11NioProtocol        :173  [32m                  [0;39m Initializing ProtocolHandler ["http-nio-8880"]
2021-09-05 21:21:03.631 INFO  org.apache.catalina.core.StandardService          :173  [32m                  [0;39m Starting service [Tomcat]
2021-09-05 21:21:03.632 INFO  org.apache.catalina.core.StandardEngine           :173  [32m                  [0;39m Starting Servlet engine: [Apache Tomcat/9.0.39]
2021-09-05 21:21:03.726 INFO  o.a.c.core.ContainerBase.[Tomcat].[localhost].[/] :173  [32m                  [0;39m Initializing Spring embedded WebApplicationContext
2021-09-05 21:21:03.726 INFO  o.s.b.w.s.c.ServletWebServerApplicationContext    :289  [32m                  [0;39m Root WebApplicationContext: initialization completed in 1233 ms
2021-09-05 21:21:03.947 INFO  o.s.scheduling.concurrent.ThreadPoolTaskExecutor  :181  [32m                  [0;39m Initializing ExecutorService 'applicationTaskExecutor'
2021-09-05 21:21:04.099 INFO  org.apache.coyote.http11.Http11NioProtocol        :173  [32m                  [0;39m Starting ProtocolHandler ["http-nio-8880"]
2021-09-05 21:21:04.128 INFO  o.s.boot.web.embedded.tomcat.TomcatWebServer      :220  [32m                  [0;39m Tomcat started on port(s): 8880 (http) with context path ''
2021-09-05 21:21:04.148 INFO  com.pwc.wiki.WikiApplication                      :61   [32m                  [0;39m Started WikiApplication in 3.015 seconds (JVM running for 3.763)
2021-09-05 21:21:04.151 INFO  com.pwc.wiki.WikiApplication                      :18   [32m                  [0;39m 启动成功！！
2021-09-05 21:21:04.152 INFO  com.pwc.wiki.WikiApplication                      :19   [32m                  [0;39m 地址: 	http://127.0.0.1:8880
2021-09-05 21:21:14.150 INFO  o.a.c.core.ContainerBase.[Tomcat].[localhost].[/] :173  [32m                  [0;39m Initializing Spring DispatcherServlet 'dispatcherServlet'
2021-09-05 21:21:14.151 INFO  org.springframework.web.servlet.DispatcherServlet :525  [32m                  [0;39m Initializing Servlet 'dispatcherServlet'
2021-09-05 21:21:14.153 INFO  org.springframework.web.servlet.DispatcherServlet :547  [32m                  [0;39m Completed initialization in 2 ms
2021-09-05 21:21:40.531 INFO  o.s.scheduling.concurrent.ThreadPoolTaskExecutor  :218  [32m                  [0;39m Shutting down ExecutorService 'applicationTaskExecutor'
2021-09-05 21:21:44.387 INFO  com.pwc.wiki.WikiApplication                      :55   [32m                  [0;39m Starting WikiApplication using Java 1.8.0_131 on xuhaochengdeMacBook-Pro.local with PID 10598 (/Users/xuhaocheng/IntellijIdeaProjects/wiki/target/classes started by xuhaocheng in /Users/xuhaocheng/IntellijIdeaProjects/wiki)
2021-09-05 21:21:44.392 INFO  com.pwc.wiki.WikiApplication                      :660  [32m                  [0;39m No active profile set, falling back to default profiles: default
2021-09-05 21:21:45.845 INFO  o.s.boot.web.embedded.tomcat.TomcatWebServer      :108  [32m                  [0;39m Tomcat initialized with port(s): 8880 (http)
2021-09-05 21:21:45.854 INFO  org.apache.coyote.http11.Http11NioProtocol        :173  [32m                  [0;39m Initializing ProtocolHandler ["http-nio-8880"]
2021-09-05 21:21:45.855 INFO  org.apache.catalina.core.StandardService          :173  [32m                  [0;39m Starting service [Tomcat]
2021-09-05 21:21:45.855 INFO  org.apache.catalina.core.StandardEngine           :173  [32m                  [0;39m Starting Servlet engine: [Apache Tomcat/9.0.39]
2021-09-05 21:21:45.908 INFO  o.a.c.core.ContainerBase.[Tomcat].[localhost].[/] :173  [32m                  [0;39m Initializing Spring embedded WebApplicationContext
2021-09-05 21:21:45.909 INFO  o.s.b.w.s.c.ServletWebServerApplicationContext    :289  [32m                  [0;39m Root WebApplicationContext: initialization completed in 1383 ms
2021-09-05 21:21:46.100 INFO  o.s.scheduling.concurrent.ThreadPoolTaskExecutor  :181  [32m                  [0;39m Initializing ExecutorService 'applicationTaskExecutor'
2021-09-05 21:21:46.271 INFO  org.apache.coyote.http11.Http11NioProtocol        :173  [32m                  [0;39m Starting ProtocolHandler ["http-nio-8880"]
2021-09-05 21:21:46.296 INFO  o.s.boot.web.embedded.tomcat.TomcatWebServer      :220  [32m                  [0;39m Tomcat started on port(s): 8880 (http) with context path ''
2021-09-05 21:21:46.306 INFO  com.pwc.wiki.WikiApplication                      :61   [32m                  [0;39m Started WikiApplication in 2.671 seconds (JVM running for 3.316)
2021-09-05 21:21:46.310 INFO  com.pwc.wiki.WikiApplication                      :18   [32m                  [0;39m 启动成功！！
2021-09-05 21:21:46.311 INFO  com.pwc.wiki.WikiApplication                      :19   [32m                  [0;39m 地址: 	http://127.0.0.1:8880
2021-09-05 21:21:50.761 INFO  o.a.c.core.ContainerBase.[Tomcat].[localhost].[/] :173  [32m                  [0;39m Initializing Spring DispatcherServlet 'dispatcherServlet'
2021-09-05 21:21:50.761 INFO  org.springframework.web.servlet.DispatcherServlet :525  [32m                  [0;39m Initializing Servlet 'dispatcherServlet'
2021-09-05 21:21:50.762 INFO  org.springframework.web.servlet.DispatcherServlet :547  [32m                  [0;39m Completed initialization in 1 ms
2021-09-05 21:22:16.563 INFO  o.s.scheduling.concurrent.ThreadPoolTaskExecutor  :218  [32m                  [0;39m Shutting down ExecutorService 'applicationTaskExecutor'
2021-09-05 21:22:20.604 INFO  com.pwc.wiki.WikiApplication                      :55   [32m                  [0;39m Starting WikiApplication using Java 1.8.0_131 on xuhaochengdeMacBook-Pro.local with PID 10615 (/Users/xuhaocheng/IntellijIdeaProjects/wiki/target/classes started by xuhaocheng in /Users/xuhaocheng/IntellijIdeaProjects/wiki)
2021-09-05 21:22:20.610 INFO  com.pwc.wiki.WikiApplication                      :660  [32m                  [0;39m No active profile set, falling back to default profiles: default
2021-09-05 21:22:21.978 INFO  o.s.boot.web.embedded.tomcat.TomcatWebServer      :108  [32m                  [0;39m Tomcat initialized with port(s): 8880 (http)
2021-09-05 21:22:21.987 INFO  org.apache.coyote.http11.Http11NioProtocol        :173  [32m                  [0;39m Initializing ProtocolHandler ["http-nio-8880"]
2021-09-05 21:22:21.988 INFO  org.apache.catalina.core.StandardService          :173  [32m                  [0;39m Starting service [Tomcat]
2021-09-05 21:22:21.988 INFO  org.apache.catalina.core.StandardEngine           :173  [32m                  [0;39m Starting Servlet engine: [Apache Tomcat/9.0.39]
2021-09-05 21:22:22.040 INFO  o.a.c.core.ContainerBase.[Tomcat].[localhost].[/] :173  [32m                  [0;39m Initializing Spring embedded WebApplicationContext
2021-09-05 21:22:22.040 INFO  o.s.b.w.s.c.ServletWebServerApplicationContext    :289  [32m                  [0;39m Root WebApplicationContext: initialization completed in 1274 ms
2021-09-05 21:22:22.218 INFO  o.s.scheduling.concurrent.ThreadPoolTaskExecutor  :181  [32m                  [0;39m Initializing ExecutorService 'applicationTaskExecutor'
2021-09-05 21:22:22.379 INFO  org.apache.coyote.http11.Http11NioProtocol        :173  [32m                  [0;39m Starting ProtocolHandler ["http-nio-8880"]
2021-09-05 21:22:22.404 INFO  o.s.boot.web.embedded.tomcat.TomcatWebServer      :220  [32m                  [0;39m Tomcat started on port(s): 8880 (http) with context path ''
2021-09-05 21:22:22.417 INFO  com.pwc.wiki.WikiApplication                      :61   [32m                  [0;39m Started WikiApplication in 2.575 seconds (JVM running for 3.316)
2021-09-05 21:22:22.420 INFO  com.pwc.wiki.WikiApplication                      :18   [32m                  [0;39m 启动成功！！
2021-09-05 21:22:22.420 INFO  com.pwc.wiki.WikiApplication                      :19   [32m                  [0;39m 地址: 	http://127.0.0.1:8880
2021-09-05 21:22:28.633 INFO  o.a.c.core.ContainerBase.[Tomcat].[localhost].[/] :173  [32m                  [0;39m Initializing Spring DispatcherServlet 'dispatcherServlet'
2021-09-05 21:22:28.633 INFO  org.springframework.web.servlet.DispatcherServlet :525  [32m                  [0;39m Initializing Servlet 'dispatcherServlet'
2021-09-05 21:22:28.634 INFO  org.springframework.web.servlet.DispatcherServlet :547  [32m                  [0;39m Completed initialization in 1 ms
2021-09-05 21:23:02.824 INFO  o.s.scheduling.concurrent.ThreadPoolTaskExecutor  :218  [32m                  [0;39m Shutting down ExecutorService 'applicationTaskExecutor'
2021-09-05 21:23:05.648 INFO  com.pwc.wiki.WikiApplication                      :55   [32m                  [0;39m Starting WikiApplication using Java 1.8.0_131 on xuhaochengdeMacBook-Pro.local with PID 10624 (/Users/xuhaocheng/IntellijIdeaProjects/wiki/target/classes started by xuhaocheng in /Users/xuhaocheng/IntellijIdeaProjects/wiki)
2021-09-05 21:23:05.660 INFO  com.pwc.wiki.WikiApplication                      :660  [32m                  [0;39m No active profile set, falling back to default profiles: default
2021-09-05 21:23:06.940 INFO  o.s.boot.web.embedded.tomcat.TomcatWebServer      :108  [32m                  [0;39m Tomcat initialized with port(s): 8880 (http)
2021-09-05 21:23:06.949 INFO  org.apache.coyote.http11.Http11NioProtocol        :173  [32m                  [0;39m Initializing ProtocolHandler ["http-nio-8880"]
2021-09-05 21:23:06.950 INFO  org.apache.catalina.core.StandardService          :173  [32m                  [0;39m Starting service [Tomcat]
2021-09-05 21:23:06.950 INFO  org.apache.catalina.core.StandardEngine           :173  [32m                  [0;39m Starting Servlet engine: [Apache Tomcat/9.0.39]
2021-09-05 21:23:07.000 INFO  o.a.c.core.ContainerBase.[Tomcat].[localhost].[/] :173  [32m                  [0;39m Initializing Spring embedded WebApplicationContext
2021-09-05 21:23:07.001 INFO  o.s.b.w.s.c.ServletWebServerApplicationContext    :289  [32m                  [0;39m Root WebApplicationContext: initialization completed in 1208 ms
2021-09-05 21:23:07.185 INFO  o.s.scheduling.concurrent.ThreadPoolTaskExecutor  :181  [32m                  [0;39m Initializing ExecutorService 'applicationTaskExecutor'
2021-09-05 21:23:07.339 INFO  org.apache.coyote.http11.Http11NioProtocol        :173  [32m                  [0;39m Starting ProtocolHandler ["http-nio-8880"]
2021-09-05 21:23:07.363 INFO  o.s.boot.web.embedded.tomcat.TomcatWebServer      :220  [32m                  [0;39m Tomcat started on port(s): 8880 (http) with context path ''
2021-09-05 21:23:07.375 INFO  com.pwc.wiki.WikiApplication                      :61   [32m                  [0;39m Started WikiApplication in 2.701 seconds (JVM running for 3.305)
2021-09-05 21:23:07.378 INFO  com.pwc.wiki.WikiApplication                      :18   [32m                  [0;39m 启动成功！！
2021-09-05 21:23:07.378 INFO  com.pwc.wiki.WikiApplication                      :19   [32m                  [0;39m 地址: 	http://127.0.0.1:8880
2021-09-05 21:23:11.300 INFO  o.a.c.core.ContainerBase.[Tomcat].[localhost].[/] :173  [32m                  [0;39m Initializing Spring DispatcherServlet 'dispatcherServlet'
2021-09-05 21:23:11.302 INFO  org.springframework.web.servlet.DispatcherServlet :525  [32m                  [0;39m Initializing Servlet 'dispatcherServlet'
2021-09-05 21:23:11.304 INFO  org.springframework.web.servlet.DispatcherServlet :547  [32m                  [0;39m Completed initialization in 1 ms
